Build started 26/8/2563 20:47:26.
     1>Project "C:\Users\Ankh\Desktop\Homework_while\Homework_while\Homework_while.vcxproj" on node 2 (build target(s)).
     1>PrepareForBuild:
         Creating directory "C:\Users\Ankh\Desktop\Homework_while\Debug\".
       InitializeBuildStatus:
         Creating "Debug\Homework_while.unsuccessfulbuild" because "AlwaysCreate" was specified.
       ClCompile:
         C:\Program Files (x86)\Microsoft Visual Studio 10.0\VC\bin\CL.exe /c /ZI /nologo /W3 /WX- /Od /Oy- /D WIN32 /D _DEBUG /D _CONSOLE /D _UNICODE /D UNICODE /Gm /EHsc /RTC1 /MDd /GS /fp:precise /Zc:wchar_t /Zc:forScope /Fo"Debug\\" /Fd"Debug\vc100.pdb" /Gd /TP /analyze- /errorReport:prompt Homework_while.cpp
         Homework_while.cpp
       ManifestResourceCompile:
         C:\Program Files (x86)\Microsoft SDKs\Windows\v7.0A\bin\rc.exe /nologo /fo"Debug\Homework_while.exe.embed.manifest.res" Debug\Homework_while_manifest.rc 
       Link:
         C:\Program Files (x86)\Microsoft Visual Studio 10.0\VC\bin\link.exe /ERRORREPORT:PROMPT /OUT:"C:\Users\Ankh\Desktop\Homework_while\Debug\Homework_while.exe" /INCREMENTAL /NOLOGO kernel32.lib user32.lib gdi32.lib winspool.lib comdlg32.lib advapi32.lib shell32.lib ole32.lib oleaut32.lib uuid.lib odbc32.lib odbccp32.lib /MANIFEST /ManifestFile:"Debug\Homework_while.exe.intermediate.manifest" /MANIFESTUAC:"level='asInvoker' uiAccess='false'" /DEBUG /PDB:"C:\Users\Ankh\Desktop\Homework_while\Debug\Homework_while.pdb" /SUBSYSTEM:CONSOLE /TLBID:1 /DYNAMICBASE /NXCOMPAT /IMPLIB:"C:\Users\Ankh\Desktop\Homework_while\Debug\Homework_while.lib" /MACHINE:X86 Debug\Homework_while.exe.embed.manifest.res
         Debug\Homework_while.obj
       Manifest:
         C:\Program Files (x86)\Microsoft SDKs\Windows\v7.0A\bin\mt.exe /nologo /verbose /out:"Debug\Homework_while.exe.embed.manifest" /manifest Debug\Homework_while.exe.intermediate.manifest
         C:\Program Files (x86)\Microsoft SDKs\Windows\v7.0A\bin\rc.exe /nologo /fo"Debug\Homework_while.exe.embed.manifest.res" Debug\Homework_while_manifest.rc 
       LinkEmbedManifest:
         C:\Program Files (x86)\Microsoft Visual Studio 10.0\VC\bin\link.exe /ERRORREPORT:PROMPT /OUT:"C:\Users\Ankh\Desktop\Homework_while\Debug\Homework_while.exe" /INCREMENTAL /NOLOGO kernel32.lib user32.lib gdi32.lib winspool.lib comdlg32.lib advapi32.lib shell32.lib ole32.lib oleaut32.lib uuid.lib odbc32.lib odbccp32.lib /MANIFEST /ManifestFile:"Debug\Homework_while.exe.intermediate.manifest" /MANIFESTUAC:"level='asInvoker' uiAccess='false'" /DEBUG /PDB:"C:\Users\Ankh\Desktop\Homework_while\Debug\Homework_while.pdb" /SUBSYSTEM:CONSOLE /TLBID:1 /DYNAMICBASE /NXCOMPAT /IMPLIB:"C:\Users\Ankh\Desktop\Homework_while\Debug\Homework_while.lib" /MACHINE:X86 Debug\Homework_while.exe.embed.manifest.res
         Debug\Homework_while.obj
         Homework_while.vcxproj -> C:\Users\Ankh\Desktop\Homework_while\Debug\Homework_while.exe
       FinalizeBuildStatus:
         Deleting file "Debug\Homework_while.unsuccessfulbuild".
         Touching "Debug\Homework_while.lastbuildstate".
     1>Done Building Project "C:\Users\Ankh\Desktop\Homework_while\Homework_while\Homework_while.vcxproj" (build target(s)).

Build succeeded.

Time Elapsed 00:00:02.39
